<?xml version="1.0" encoding="UTF-8"?>
<testsuites tests="19" failures="0" disabled="0" errors="0" time="0.006" timestamp="2026-09-09T09:11:04.967" name="AllTests">
  <testsuite name="DropoutRoutingAudit" tests="4" failures="0" disabled="0" skipped="0" errors="0" time="0.001" timestamp="2026-09-09T09:11:04.967">
    <testcase name="ZeroRateSingleInputControl" file="../test/unittest/layers/unittest_layers_dropout.cpp" line="172" status="run" result="completed" time="0." timestamp="2026-09-09T09:11:04.967" classname="DropoutRoutingAudit" />
    <testcase name="ZeroRateRoutesEachIncomingGradientToItsInput" file="../test/unittest/layers/unittest_layers_dropout.cpp" line="179" status="run" result="completed" time="0." timestamp="2026-09-09T09:11:04.967" classname="DropoutRoutingAudit" />
    <testcase name="ZeroRateMatchesRuntimeFiniteDifferences" file="../test/unittest/layers/unittest_layers_dropout.cpp" line="192" status="run" result="completed" time="0." timestamp="2026-09-09T09:11:04.967" classname="DropoutRoutingAudit" />
    <testcase name="ReplayUsesEachInputsOwnGradientAndMask" file="../test/unittest/layers/unittest_layers_dropout.cpp" line="214" status="run" result="completed" time="0." timestamp="2026-09-09T09:11:04.968" classname="DropoutRoutingAudit" />
  </testsuite>
  <testsuite name="Dropout/LayerSemantics" tests="11" failures="0" disabled="0" skipped="0" errors="0" time="0.003" timestamp="2026-09-09T09:11:04.968">
    <testcase name="createFromAppContext_pn/0" value_param="(32-byte object &lt;48-47 02-05 01-00 00-00 08-71 F7-04 01-00 00-00 00-00 00-00 00-00 00-00 B0-41 00-32 01-00 00-00&gt;, &quot;dropout&quot;, {}, 1, false, 1)" file="../test/unittest/layers/layers_dependent_common_tests.cpp" line="27" status="run" result="completed" time="0.002" timestamp="2026-09-09T09:11:04.968" classname="Dropout/LayerSemantics" />
    <testcase name="setPropertiesInvalid_01_n/0" value_param="(32-byte object &lt;48-47 02-05 01-00 00-00 08-71 F7-04 01-00 00-00 00-00 00-00 00-00 00-00 90-16 21-32 01-00 00-00&gt;, &quot;dropout&quot;, {}, 1, false, 1)" file="../test/unittest/layers/layers_dependent_common_tests.cpp" line="44" status="run" result="completed" time="0.001" timestamp="2026-09-09T09:11:04.970" classname="Dropout/LayerSemantics" />
    <testcase name="setPropertiesInvalid_02_n/0" value_param="(32-byte object &lt;48-47 02-05 01-00 00-00 08-71 F7-04 01-00 00-00 00-00 00-00 00-00 00-00 40-03 22-32 01-00 00-00&gt;, &quot;dropout&quot;, {}, 1, false, 1)" file="../test/unittest/layers/layers_dependent_common_tests.cpp" line="50" status="run" result="completed" time="0." timestamp="2026-09-09T09:11:04.972" classname="Dropout/LayerSemantics" />
    <testcase name="finalizeValidateLayerNode_p/0" value_param="(32-byte object &lt;48-47 02-05 01-00 00-00 08-71 F7-04 01-00 00-00 00-00 00-00 00-00 00-00 40-DE 22-32 01-00 00-00&gt;, &quot;dropout&quot;, {}, 1, false, 1)" file="../test/unittest/layers/layers_dependent_common_tests.cpp" line="56" status="run" result="completed" time="0." timestamp="2026-09-09T09:11:04.972" classname="Dropout/LayerSemantics" />
    <testcase name="getTypeValidateLayerNode_p/0" value_param="(32-byte object &lt;48-47 02-05 01-00 00-00 08-71 F7-04 01-00 00-00 00-00 00-00 00-00 00-00 C0-C4 23-32 01-00 00-00&gt;, &quot;dropout&quot;, {}, 1, false, 1)" file="../test/unittest/layers/layers_dependent_common_tests.cpp" line="86" status="run" result="completed" time="0." timestamp="2026-09-09T09:11:04.972" classname="Dropout/LayerSemantics" />
    <testcase name="gettersValidateLayerNode_p/0" value_param="(32-byte object &lt;48-47 02-05 01-00 00-00 08-71 F7-04 01-00 00-00 00-00 00-00 00-00 00-00 70-AC 24-32 01-00 00-00&gt;, &quot;dropout&quot;, {}, 1, false, 1)" file="../test/unittest/layers/layers_dependent_common_tests.cpp" line="94" status="run" result="completed" time="0." timestamp="2026-09-09T09:11:04.972" classname="Dropout/LayerSemantics" />
    <testcase name="setBatchValidateLayerNode_p/0" value_param="(32-byte object &lt;48-47 02-05 01-00 00-00 08-71 F7-04 01-00 00-00 00-00 00-00 00-00 00-00 90-8B 25-32 01-00 00-00&gt;, &quot;dropout&quot;, {}, 1, false, 1)" file="../test/unittest/layers/layers_dependent_common_tests.cpp" line="102" status="run" result="completed" time="0." timestamp="2026-09-09T09:11:04.972" classname="Dropout/LayerSemantics" />
    <testcase name="setProperties_n/0" value_param="(32-byte object &lt;48-47 02-05 01-00 00-00 08-71 F7-04 01-00 00-00 00-00 00-00 00-00 00-00 40-58 26-32 01-00 00-00&gt;, &quot;dropout&quot;, {}, 1, false, 1)" file="../test/unittest/layers/layers_standalone_common_tests.cpp" line="23" status="run" result="completed" time="0." timestamp="2026-09-09T09:11:04.972" classname="Dropout/LayerSemantics" />
    <testcase name="gettersValidate_p/0" value_param="(32-byte object &lt;48-47 02-05 01-00 00-00 08-71 F7-04 01-00 00-00 00-00 00-00 00-00 00-00 80-2E 27-32 01-00 00-00&gt;, &quot;dropout&quot;, {}, 1, false, 1)" file="../test/unittest/layers/layers_standalone_common_tests.cpp" line="32" status="run" result="completed" time="0." timestamp="2026-09-09T09:11:04.972" classname="Dropout/LayerSemantics" />
    <testcase name="finalizeValidate_p/0" value_param="(32-byte object &lt;48-47 02-05 01-00 00-00 08-71 F7-04 01-00 00-00 00-00 00-00 00-00 00-00 10-02 28-32 01-00 00-00&gt;, &quot;dropout&quot;, {}, 1, false, 1)" file="../test/unittest/layers/layers_standalone_common_tests.cpp" line="42" status="run" result="completed" time="0." timestamp="2026-09-09T09:11:04.972" classname="Dropout/LayerSemantics" />
    <testcase name="setBatchValidate_p/0" value_param="(32-byte object &lt;48-47 02-05 01-00 00-00 08-71 F7-04 01-00 00-00 00-00 00-00 00-00 00-00 20-EC 28-32 01-00 00-00&gt;, &quot;dropout&quot;, {}, 1, false, 1)" file="../test/unittest/layers/layers_standalone_common_tests.cpp" line="67" status="run" result="completed" time="0." timestamp="2026-09-09T09:11:04.972" classname="Dropout/LayerSemantics" />
  </testsuite>
  <testsuite name="Dropout/LayerGoldenTest" tests="4" failures="0" disabled="0" skipped="0" errors="0" time="0." timestamp="2026-09-09T09:11:04.972">
    <testcase name="run/0" value_param="(32-byte object &lt;48-47 02-05 01-00 00-00 08-71 F7-04 01-00 00-00 00-00 00-00 00-00 00-00 C0-57 2A-32 01-00 00-00&gt;, { &quot;dropout_rate=0.2&quot; }, 0x10501462b pointing to &quot;2:3:2:3&quot;, 0x105014633 pointing to &quot;dropout_20_training.nnlayergolden&quot;, 8, &quot;nchw&quot;, &quot;fp32&quot;, &quot;fp32&quot;)" file="../test/unittest/layers/layers_golden_tests.cpp" line="416" status="run" result="completed" time="0." timestamp="2026-09-09T09:11:04.972" classname="Dropout/LayerGoldenTest" />
    <testcase name="run/1" value_param="(32-byte object &lt;48-47 02-05 01-00 00-00 08-71 F7-04 01-00 00-00 00-00 00-00 00-00 00-00 C0-57 2A-32 01-00 00-00&gt;, { &quot;dropout_rate=0.0&quot; }, 0x10501462b pointing to &quot;2:3:2:3&quot;, 0x105014689 pointing to &quot;dropout_0_training.nnlayergolden&quot;, 0, &quot;nchw&quot;, &quot;fp32&quot;, &quot;fp32&quot;)" file="../test/unittest/layers/layers_golden_tests.cpp" line="416" status="run" result="completed" time="0." timestamp="2026-09-09T09:11:04.972" classname="Dropout/LayerGoldenTest" />
    <testcase name="run/2" value_param="(32-byte object &lt;48-47 02-05 01-00 00-00 08-71 F7-04 01-00 00-00 00-00 00-00 00-00 00-00 C0-57 2A-32 01-00 00-00&gt;, { &quot;dropout_rate=1.0&quot; }, 0x10501462b pointing to &quot;2:3:2:3&quot;, 0x1050146bb pointing to &quot;dropout_100_training.nnlayergolden&quot;, 0, &quot;nchw&quot;, &quot;fp32&quot;, &quot;fp32&quot;)" file="../test/unittest/layers/layers_golden_tests.cpp" line="416" status="run" result="completed" time="0." timestamp="2026-09-09T09:11:04.972" classname="Dropout/LayerGoldenTest" />
    <testcase name="run/3" value_param="(32-byte object &lt;48-47 02-05 01-00 00-00 08-71 F7-04 01-00 00-00 00-00 00-00 00-00 00-00 C0-57 2A-32 01-00 00-00&gt;, { &quot;dropout_rate=0.2&quot; }, 0x10501462b pointing to &quot;2:3:2:3&quot;, 0x105014655 pointing to &quot;dropout_20_inference.nnlayergolden&quot;, 7, &quot;nchw&quot;, &quot;fp32&quot;, &quot;fp32&quot;)" file="../test/unittest/layers/layers_golden_tests.cpp" line="416" status="run" result="completed" time="0." timestamp="2026-09-09T09:11:04.973" classname="Dropout/LayerGoldenTest" />
  </testsuite>
</testsuites>
