<?xml version="1.0" encoding="UTF-8"?>
<testsuites tests="58" failures="0" disabled="0" errors="0" time="0.008" timestamp="2026-09-09T08:29:37.967" name="AllTests">
  <testsuite name="PoolingPaddingAudit" tests="2" failures="0" disabled="0" skipped="0" errors="0" time="0.001" timestamp="2026-09-09T08:29:37.967">
    <testcase name="SameEvenKernelConservesIncomingGradient" file="../test/unittest/layers/unittest_layers_pooling2d.cpp" line="75" status="run" result="completed" time="0.001" timestamp="2026-09-09T08:29:37.967" classname="PoolingPaddingAudit" />
    <testcase name="SameEvenKernelMatchesRuntimeFiniteDifferences" file="../test/unittest/layers/unittest_layers_pooling2d.cpp" line="93" status="run" result="completed" time="0." timestamp="2026-09-09T08:29:37.968" classname="PoolingPaddingAudit" />
  </testsuite>
  <testsuite name="Pooling2DMax/LayerSemantics" tests="44" failures="0" disabled="0" skipped="0" errors="0" time="0.006" timestamp="2026-09-09T08:29:37.968">
    <testcase name="createFromAppContext_pn/0" value_param="(32-byte object &lt;F0-86 8E-04 01-00 00-00 C8-63 80-04 01-00 00-00 00-00 00-00 00-00 00-00 40-0B C7-03 00-60 00-00&gt;, &quot;pooling2d&quot;, { &quot;pooling=max&quot;, &quot;pool_size=1,1&quot; }, 1, false, 1)" file="../test/unittest/layers/layers_dependent_common_tests.cpp" line="27" status="run" result="completed" time="0.004" timestamp="2026-09-09T08:29:37.968" classname="Pooling2DMax/LayerSemantics" />
    <testcase name="createFromAppContext_pn/1" value_param="(32-byte object &lt;F0-86 8E-04 01-00 00-00 C8-63 80-04 01-00 00-00 00-00 00-00 00-00 00-00 40-0B C7-03 00-60 00-00&gt;, &quot;pooling2d&quot;, { &quot;pooling=average&quot;, &quot;pool_size=1,1&quot; }, 1, false, 1)" file="../test/unittest/layers/layers_dependent_common_tests.cpp" line="27" status="run" result="completed" time="0." timestamp="2026-09-09T08:29:37.973" classname="Pooling2DMax/LayerSemantics" />
    <testcase name="createFromAppContext_pn/2" value_param="(32-byte object &lt;F0-86 8E-04 01-00 00-00 C8-63 80-04 01-00 00-00 00-00 00-00 00-00 00-00 40-0B C7-03 00-60 00-00&gt;, &quot;pooling2d&quot;, { &quot;pooling=global_max&quot; }, 1, false, 1)" file="../test/unittest/layers/layers_dependent_common_tests.cpp" line="27" status="run" result="completed" time="0." timestamp="2026-09-09T08:29:37.973" classname="Pooling2DMax/LayerSemantics" />
    <testcase name="createFromAppContext_pn/3" value_param="(32-byte object &lt;F0-86 8E-04 01-00 00-00 C8-63 80-04 01-00 00-00 00-00 00-00 00-00 00-00 40-0B C7-03 00-60 00-00&gt;, &quot;pooling2d&quot;, { &quot;pooling=global_average&quot; }, 1, false, 1)" file="../test/unittest/layers/layers_dependent_common_tests.cpp" line="27" status="run" result="completed" time="0." timestamp="2026-09-09T08:29:37.973" classname="Pooling2DMax/LayerSemantics" />
    <testcase name="setPropertiesInvalid_01_n/0" value_param="(32-byte object &lt;F0-86 8E-04 01-00 00-00 C8-63 80-04 01-00 00-00 00-00 00-00 00-00 00-00 40-0B C7-03 00-60 00-00&gt;, &quot;pooling2d&quot;, { &quot;pooling=max&quot;, &quot;pool_size=1,1&quot; }, 1, false, 1)" file="../test/unittest/layers/layers_dependent_common_tests.cpp" line="44" status="run" result="completed" time="0.001" timestamp="2026-09-09T08:29:37.973" classname="Pooling2DMax/LayerSemantics" />
    <testcase name="setPropertiesInvalid_01_n/1" value_param="(32-byte object &lt;F0-86 8E-04 01-00 00-00 C8-63 80-04 01-00 00-00 00-00 00-00 00-00 00-00 40-0B C7-03 00-60 00-00&gt;, &quot;pooling2d&quot;, { &quot;pooling=average&quot;, &quot;pool_size=1,1&quot; }, 1, false, 1)" file="../test/unittest/layers/layers_dependent_common_tests.cpp" line="44" status="run" result="completed" time="0." timestamp="2026-09-09T08:29:37.974" classname="Pooling2DMax/LayerSemantics" />
    <testcase name="setPropertiesInvalid_01_n/2" value_param="(32-byte object &lt;F0-86 8E-04 01-00 00-00 C8-63 80-04 01-00 00-00 00-00 00-00 00-00 00-00 40-0B C7-03 00-60 00-00&gt;, &quot;pooling2d&quot;, { &quot;pooling=global_max&quot; }, 1, false, 1)" file="../test/unittest/layers/layers_dependent_common_tests.cpp" line="44" status="run" result="completed" time="0." timestamp="2026-09-09T08:29:37.974" classname="Pooling2DMax/LayerSemantics" />
    <testcase name="setPropertiesInvalid_01_n/3" value_param="(32-byte object &lt;F0-86 8E-04 01-00 00-00 C8-63 80-04 01-00 00-00 00-00 00-00 00-00 00-00 40-0B C7-03 00-60 00-00&gt;, &quot;pooling2d&quot;, { &quot;pooling=global_average&quot; }, 1, false, 1)" file="../test/unittest/layers/layers_dependent_common_tests.cpp" line="44" status="run" result="completed" time="0." timestamp="2026-09-09T08:29:37.974" classname="Pooling2DMax/LayerSemantics" />
    <testcase name="setPropertiesInvalid_02_n/0" value_param="(32-byte object &lt;F0-86 8E-04 01-00 00-00 C8-63 80-04 01-00 00-00 00-00 00-00 00-00 00-00 40-0B C7-03 00-60 00-00&gt;, &quot;pooling2d&quot;, { &quot;pooling=max&quot;, &quot;pool_size=1,1&quot; }, 1, false, 1)" file="../test/unittest/layers/layers_dependent_common_tests.cpp" line="50" status="run" result="completed" time="0." timestamp="2026-09-09T08:29:37.974" classname="Pooling2DMax/LayerSemantics" />
    <testcase name="setPropertiesInvalid_02_n/1" value_param="(32-byte object &lt;F0-86 8E-04 01-00 00-00 C8-63 80-04 01-00 00-00 00-00 00-00 00-00 00-00 40-0B C7-03 00-60 00-00&gt;, &quot;pooling2d&quot;, { &quot;pooling=average&quot;, &quot;pool_size=1,1&quot; }, 1, false, 1)" file="../test/unittest/layers/layers_dependent_common_tests.cpp" line="50" status="run" result="completed" time="0." timestamp="2026-09-09T08:29:37.974" classname="Pooling2DMax/LayerSemantics" />
    <testcase name="setPropertiesInvalid_02_n/2" value_param="(32-byte object &lt;F0-86 8E-04 01-00 00-00 C8-63 80-04 01-00 00-00 00-00 00-00 00-00 00-00 40-0B C7-03 00-60 00-00&gt;, &quot;pooling2d&quot;, { &quot;pooling=global_max&quot; }, 1, false, 1)" file="../test/unittest/layers/layers_dependent_common_tests.cpp" line="50" status="run" result="completed" time="0." timestamp="2026-09-09T08:29:37.974" classname="Pooling2DMax/LayerSemantics" />
    <testcase name="setPropertiesInvalid_02_n/3" value_param="(32-byte object &lt;F0-86 8E-04 01-00 00-00 C8-63 80-04 01-00 00-00 00-00 00-00 00-00 00-00 40-0B C7-03 00-60 00-00&gt;, &quot;pooling2d&quot;, { &quot;pooling=global_average&quot; }, 1, false, 1)" file="../test/unittest/layers/layers_dependent_common_tests.cpp" line="50" status="run" result="completed" time="0." timestamp="2026-09-09T08:29:37.974" classname="Pooling2DMax/LayerSemantics" />
    <testcase name="finalizeValidateLayerNode_p/0" value_param="(32-byte object &lt;F0-86 8E-04 01-00 00-00 C8-63 80-04 01-00 00-00 00-00 00-00 00-00 00-00 40-0B C7-03 00-60 00-00&gt;, &quot;pooling2d&quot;, { &quot;pooling=max&quot;, &quot;pool_size=1,1&quot; }, 1, false, 1)" file="../test/unittest/layers/layers_dependent_common_tests.cpp" line="56" status="run" result="completed" time="0." timestamp="2026-09-09T08:29:37.974" classname="Pooling2DMax/LayerSemantics" />
    <testcase name="finalizeValidateLayerNode_p/1" value_param="(32-byte object &lt;F0-86 8E-04 01-00 00-00 C8-63 80-04 01-00 00-00 00-00 00-00 00-00 00-00 40-0B C7-03 00-60 00-00&gt;, &quot;pooling2d&quot;, { &quot;pooling=average&quot;, &quot;pool_size=1,1&quot; }, 1, false, 1)" file="../test/unittest/layers/layers_dependent_common_tests.cpp" line="56" status="run" result="completed" time="0." timestamp="2026-09-09T08:29:37.974" classname="Pooling2DMax/LayerSemantics" />
    <testcase name="finalizeValidateLayerNode_p/2" value_param="(32-byte object &lt;F0-86 8E-04 01-00 00-00 C8-63 80-04 01-00 00-00 00-00 00-00 00-00 00-00 40-0B C7-03 00-60 00-00&gt;, &quot;pooling2d&quot;, { &quot;pooling=global_max&quot; }, 1, false, 1)" file="../test/unittest/layers/layers_dependent_common_tests.cpp" line="56" status="run" result="completed" time="0." timestamp="2026-09-09T08:29:37.974" classname="Pooling2DMax/LayerSemantics" />
    <testcase name="finalizeValidateLayerNode_p/3" value_param="(32-byte object &lt;F0-86 8E-04 01-00 00-00 C8-63 80-04 01-00 00-00 00-00 00-00 00-00 00-00 40-0B C7-03 00-60 00-00&gt;, &quot;pooling2d&quot;, { &quot;pooling=global_average&quot; }, 1, false, 1)" file="../test/unittest/layers/layers_dependent_common_tests.cpp" line="56" status="run" result="completed" time="0." timestamp="2026-09-09T08:29:37.974" classname="Pooling2DMax/LayerSemantics" />
    <testcase name="getTypeValidateLayerNode_p/0" value_param="(32-byte object &lt;F0-86 8E-04 01-00 00-00 C8-63 80-04 01-00 00-00 00-00 00-00 00-00 00-00 40-0B C7-03 00-60 00-00&gt;, &quot;pooling2d&quot;, { &quot;pooling=max&quot;, &quot;pool_size=1,1&quot; }, 1, false, 1)" file="../test/unittest/layers/layers_dependent_common_tests.cpp" line="86" status="run" result="completed" time="0." timestamp="2026-09-09T08:29:37.974" classname="Pooling2DMax/LayerSemantics" />
    <testcase name="getTypeValidateLayerNode_p/1" value_param="(32-byte object &lt;F0-86 8E-04 01-00 00-00 C8-63 80-04 01-00 00-00 00-00 00-00 00-00 00-00 40-0B C7-03 00-60 00-00&gt;, &quot;pooling2d&quot;, { &quot;pooling=average&quot;, &quot;pool_size=1,1&quot; }, 1, false, 1)" file="../test/unittest/layers/layers_dependent_common_tests.cpp" line="86" status="run" result="completed" time="0." timestamp="2026-09-09T08:29:37.974" classname="Pooling2DMax/LayerSemantics" />
    <testcase name="getTypeValidateLayerNode_p/2" value_param="(32-byte object &lt;F0-86 8E-04 01-00 00-00 C8-63 80-04 01-00 00-00 00-00 00-00 00-00 00-00 40-0B C7-03 00-60 00-00&gt;, &quot;pooling2d&quot;, { &quot;pooling=global_max&quot; }, 1, false, 1)" file="../test/unittest/layers/layers_dependent_common_tests.cpp" line="86" status="run" result="completed" time="0." timestamp="2026-09-09T08:29:37.974" classname="Pooling2DMax/LayerSemantics" />
    <testcase name="getTypeValidateLayerNode_p/3" value_param="(32-byte object &lt;F0-86 8E-04 01-00 00-00 C8-63 80-04 01-00 00-00 00-00 00-00 00-00 00-00 40-0B C7-03 00-60 00-00&gt;, &quot;pooling2d&quot;, { &quot;pooling=global_average&quot; }, 1, false, 1)" file="../test/unittest/layers/layers_dependent_common_tests.cpp" line="86" status="run" result="completed" time="0." timestamp="2026-09-09T08:29:37.974" classname="Pooling2DMax/LayerSemantics" />
    <testcase name="gettersValidateLayerNode_p/0" value_param="(32-byte object &lt;F0-86 8E-04 01-00 00-00 C8-63 80-04 01-00 00-00 00-00 00-00 00-00 00-00 40-0B C7-03 00-60 00-00&gt;, &quot;pooling2d&quot;, { &quot;pooling=max&quot;, &quot;pool_size=1,1&quot; }, 1, false, 1)" file="../test/unittest/layers/layers_dependent_common_tests.cpp" line="94" status="run" result="completed" time="0." timestamp="2026-09-09T08:29:37.974" classname="Pooling2DMax/LayerSemantics" />
    <testcase name="gettersValidateLayerNode_p/1" value_param="(32-byte object &lt;F0-86 8E-04 01-00 00-00 C8-63 80-04 01-00 00-00 00-00 00-00 00-00 00-00 40-0B C7-03 00-60 00-00&gt;, &quot;pooling2d&quot;, { &quot;pooling=average&quot;, &quot;pool_size=1,1&quot; }, 1, false, 1)" file="../test/unittest/layers/layers_dependent_common_tests.cpp" line="94" status="run" result="completed" time="0." timestamp="2026-09-09T08:29:37.974" classname="Pooling2DMax/LayerSemantics" />
    <testcase name="gettersValidateLayerNode_p/2" value_param="(32-byte object &lt;F0-86 8E-04 01-00 00-00 C8-63 80-04 01-00 00-00 00-00 00-00 00-00 00-00 40-0B C7-03 00-60 00-00&gt;, &quot;pooling2d&quot;, { &quot;pooling=global_max&quot; }, 1, false, 1)" file="../test/unittest/layers/layers_dependent_common_tests.cpp" line="94" status="run" result="completed" time="0." timestamp="2026-09-09T08:29:37.974" classname="Pooling2DMax/LayerSemantics" />
    <testcase name="gettersValidateLayerNode_p/3" value_param="(32-byte object &lt;F0-86 8E-04 01-00 00-00 C8-63 80-04 01-00 00-00 00-00 00-00 00-00 00-00 40-0B C7-03 00-60 00-00&gt;, &quot;pooling2d&quot;, { &quot;pooling=global_average&quot; }, 1, false, 1)" file="../test/unittest/layers/layers_dependent_common_tests.cpp" line="94" status="run" result="completed" time="0." timestamp="2026-09-09T08:29:37.974" classname="Pooling2DMax/LayerSemantics" />
    <testcase name="setBatchValidateLayerNode_p/0" value_param="(32-byte object &lt;F0-86 8E-04 01-00 00-00 C8-63 80-04 01-00 00-00 00-00 00-00 00-00 00-00 40-0B C7-03 00-60 00-00&gt;, &quot;pooling2d&quot;, { &quot;pooling=max&quot;, &quot;pool_size=1,1&quot; }, 1, false, 1)" file="../test/unittest/layers/layers_dependent_common_tests.cpp" line="102" status="run" result="completed" time="0." timestamp="2026-09-09T08:29:37.974" classname="Pooling2DMax/LayerSemantics" />
    <testcase name="setBatchValidateLayerNode_p/1" value_param="(32-byte object &lt;F0-86 8E-04 01-00 00-00 C8-63 80-04 01-00 00-00 00-00 00-00 00-00 00-00 40-0B C7-03 00-60 00-00&gt;, &quot;pooling2d&quot;, { &quot;pooling=average&quot;, &quot;pool_size=1,1&quot; }, 1, false, 1)" file="../test/unittest/layers/layers_dependent_common_tests.cpp" line="102" status="run" result="completed" time="0." timestamp="2026-09-09T08:29:37.974" classname="Pooling2DMax/LayerSemantics" />
    <testcase name="setBatchValidateLayerNode_p/2" value_param="(32-byte object &lt;F0-86 8E-04 01-00 00-00 C8-63 80-04 01-00 00-00 00-00 00-00 00-00 00-00 40-0B C7-03 00-60 00-00&gt;, &quot;pooling2d&quot;, { &quot;pooling=global_max&quot; }, 1, false, 1)" file="../test/unittest/layers/layers_dependent_common_tests.cpp" line="102" status="run" result="completed" time="0." timestamp="2026-09-09T08:29:37.974" classname="Pooling2DMax/LayerSemantics" />
    <testcase name="setBatchValidateLayerNode_p/3" value_param="(32-byte object &lt;F0-86 8E-04 01-00 00-00 C8-63 80-04 01-00 00-00 00-00 00-00 00-00 00-00 40-0B C7-03 00-60 00-00&gt;, &quot;pooling2d&quot;, { &quot;pooling=global_average&quot; }, 1, false, 1)" file="../test/unittest/layers/layers_dependent_common_tests.cpp" line="102" status="run" result="completed" time="0." timestamp="2026-09-09T08:29:37.974" classname="Pooling2DMax/LayerSemantics" />
    <testcase name="setProperties_n/0" value_param="(32-byte object &lt;F0-86 8E-04 01-00 00-00 C8-63 80-04 01-00 00-00 00-00 00-00 00-00 00-00 40-0B C7-03 00-60 00-00&gt;, &quot;pooling2d&quot;, { &quot;pooling=max&quot;, &quot;pool_size=1,1&quot; }, 1, false, 1)" file="../test/unittest/layers/layers_standalone_common_tests.cpp" line="23" status="run" result="completed" time="0." timestamp="2026-09-09T08:29:37.974" classname="Pooling2DMax/LayerSemantics" />
    <testcase name="setProperties_n/1" value_param="(32-byte object &lt;F0-86 8E-04 01-00 00-00 C8-63 80-04 01-00 00-00 00-00 00-00 00-00 00-00 40-0B C7-03 00-60 00-00&gt;, &quot;pooling2d&quot;, { &quot;pooling=average&quot;, &quot;pool_size=1,1&quot; }, 1, false, 1)" file="../test/unittest/layers/layers_standalone_common_tests.cpp" line="23" status="run" result="completed" time="0." timestamp="2026-09-09T08:29:37.974" classname="Pooling2DMax/LayerSemantics" />
    <testcase name="setProperties_n/2" value_param="(32-byte object &lt;F0-86 8E-04 01-00 00-00 C8-63 80-04 01-00 00-00 00-00 00-00 00-00 00-00 40-0B C7-03 00-60 00-00&gt;, &quot;pooling2d&quot;, { &quot;pooling=global_max&quot; }, 1, false, 1)" file="../test/unittest/layers/layers_standalone_common_tests.cpp" line="23" status="run" result="completed" time="0." timestamp="2026-09-09T08:29:37.974" classname="Pooling2DMax/LayerSemantics" />
    <testcase name="setProperties_n/3" value_param="(32-byte object &lt;F0-86 8E-04 01-00 00-00 C8-63 80-04 01-00 00-00 00-00 00-00 00-00 00-00 40-0B C7-03 00-60 00-00&gt;, &quot;pooling2d&quot;, { &quot;pooling=global_average&quot; }, 1, false, 1)" file="../test/unittest/layers/layers_standalone_common_tests.cpp" line="23" status="run" result="completed" time="0." timestamp="2026-09-09T08:29:37.974" classname="Pooling2DMax/LayerSemantics" />
    <testcase name="gettersValidate_p/0" value_param="(32-byte object &lt;F0-86 8E-04 01-00 00-00 C8-63 80-04 01-00 00-00 00-00 00-00 00-00 00-00 40-0B C7-03 00-60 00-00&gt;, &quot;pooling2d&quot;, { &quot;pooling=max&quot;, &quot;pool_size=1,1&quot; }, 1, false, 1)" file="../test/unittest/layers/layers_standalone_common_tests.cpp" line="32" status="run" result="completed" time="0." timestamp="2026-09-09T08:29:37.974" classname="Pooling2DMax/LayerSemantics" />
    <testcase name="gettersValidate_p/1" value_param="(32-byte object &lt;F0-86 8E-04 01-00 00-00 C8-63 80-04 01-00 00-00 00-00 00-00 00-00 00-00 40-0B C7-03 00-60 00-00&gt;, &quot;pooling2d&quot;, { &quot;pooling=average&quot;, &quot;pool_size=1,1&quot; }, 1, false, 1)" file="../test/unittest/layers/layers_standalone_common_tests.cpp" line="32" status="run" result="completed" time="0." timestamp="2026-09-09T08:29:37.974" classname="Pooling2DMax/LayerSemantics" />
    <testcase name="gettersValidate_p/2" value_param="(32-byte object &lt;F0-86 8E-04 01-00 00-00 C8-63 80-04 01-00 00-00 00-00 00-00 00-00 00-00 40-0B C7-03 00-60 00-00&gt;, &quot;pooling2d&quot;, { &quot;pooling=global_max&quot; }, 1, false, 1)" file="../test/unittest/layers/layers_standalone_common_tests.cpp" line="32" status="run" result="completed" time="0." timestamp="2026-09-09T08:29:37.974" classname="Pooling2DMax/LayerSemantics" />
    <testcase name="gettersValidate_p/3" value_param="(32-byte object &lt;F0-86 8E-04 01-00 00-00 C8-63 80-04 01-00 00-00 00-00 00-00 00-00 00-00 40-0B C7-03 00-60 00-00&gt;, &quot;pooling2d&quot;, { &quot;pooling=global_average&quot; }, 1, false, 1)" file="../test/unittest/layers/layers_standalone_common_tests.cpp" line="32" status="run" result="completed" time="0." timestamp="2026-09-09T08:29:37.974" classname="Pooling2DMax/LayerSemantics" />
    <testcase name="finalizeValidate_p/0" value_param="(32-byte object &lt;F0-86 8E-04 01-00 00-00 C8-63 80-04 01-00 00-00 00-00 00-00 00-00 00-00 40-0B C7-03 00-60 00-00&gt;, &quot;pooling2d&quot;, { &quot;pooling=max&quot;, &quot;pool_size=1,1&quot; }, 1, false, 1)" file="../test/unittest/layers/layers_standalone_common_tests.cpp" line="42" status="run" result="completed" time="0." timestamp="2026-09-09T08:29:37.974" classname="Pooling2DMax/LayerSemantics" />
    <testcase name="finalizeValidate_p/1" value_param="(32-byte object &lt;F0-86 8E-04 01-00 00-00 C8-63 80-04 01-00 00-00 00-00 00-00 00-00 00-00 40-0B C7-03 00-60 00-00&gt;, &quot;pooling2d&quot;, { &quot;pooling=average&quot;, &quot;pool_size=1,1&quot; }, 1, false, 1)" file="../test/unittest/layers/layers_standalone_common_tests.cpp" line="42" status="run" result="completed" time="0." timestamp="2026-09-09T08:29:37.974" classname="Pooling2DMax/LayerSemantics" />
    <testcase name="finalizeValidate_p/2" value_param="(32-byte object &lt;F0-86 8E-04 01-00 00-00 C8-63 80-04 01-00 00-00 00-00 00-00 00-00 00-00 40-0B C7-03 00-60 00-00&gt;, &quot;pooling2d&quot;, { &quot;pooling=global_max&quot; }, 1, false, 1)" file="../test/unittest/layers/layers_standalone_common_tests.cpp" line="42" status="run" result="completed" time="0." timestamp="2026-09-09T08:29:37.974" classname="Pooling2DMax/LayerSemantics" />
    <testcase name="finalizeValidate_p/3" value_param="(32-byte object &lt;F0-86 8E-04 01-00 00-00 C8-63 80-04 01-00 00-00 00-00 00-00 00-00 00-00 40-0B C7-03 00-60 00-00&gt;, &quot;pooling2d&quot;, { &quot;pooling=global_average&quot; }, 1, false, 1)" file="../test/unittest/layers/layers_standalone_common_tests.cpp" line="42" status="run" result="completed" time="0." timestamp="2026-09-09T08:29:37.975" classname="Pooling2DMax/LayerSemantics" />
    <testcase name="setBatchValidate_p/0" value_param="(32-byte object &lt;F0-86 8E-04 01-00 00-00 C8-63 80-04 01-00 00-00 00-00 00-00 00-00 00-00 40-0B C7-03 00-60 00-00&gt;, &quot;pooling2d&quot;, { &quot;pooling=max&quot;, &quot;pool_size=1,1&quot; }, 1, false, 1)" file="../test/unittest/layers/layers_standalone_common_tests.cpp" line="67" status="run" result="completed" time="0." timestamp="2026-09-09T08:29:37.975" classname="Pooling2DMax/LayerSemantics" />
    <testcase name="setBatchValidate_p/1" value_param="(32-byte object &lt;F0-86 8E-04 01-00 00-00 C8-63 80-04 01-00 00-00 00-00 00-00 00-00 00-00 40-0B C7-03 00-60 00-00&gt;, &quot;pooling2d&quot;, { &quot;pooling=average&quot;, &quot;pool_size=1,1&quot; }, 1, false, 1)" file="../test/unittest/layers/layers_standalone_common_tests.cpp" line="67" status="run" result="completed" time="0." timestamp="2026-09-09T08:29:37.975" classname="Pooling2DMax/LayerSemantics" />
    <testcase name="setBatchValidate_p/2" value_param="(32-byte object &lt;F0-86 8E-04 01-00 00-00 C8-63 80-04 01-00 00-00 00-00 00-00 00-00 00-00 40-0B C7-03 00-60 00-00&gt;, &quot;pooling2d&quot;, { &quot;pooling=global_max&quot; }, 1, false, 1)" file="../test/unittest/layers/layers_standalone_common_tests.cpp" line="67" status="run" result="completed" time="0." timestamp="2026-09-09T08:29:37.975" classname="Pooling2DMax/LayerSemantics" />
    <testcase name="setBatchValidate_p/3" value_param="(32-byte object &lt;F0-86 8E-04 01-00 00-00 C8-63 80-04 01-00 00-00 00-00 00-00 00-00 00-00 40-0B C7-03 00-60 00-00&gt;, &quot;pooling2d&quot;, { &quot;pooling=global_average&quot; }, 1, false, 1)" file="../test/unittest/layers/layers_standalone_common_tests.cpp" line="67" status="run" result="completed" time="0." timestamp="2026-09-09T08:29:37.975" classname="Pooling2DMax/LayerSemantics" />
  </testsuite>
  <testsuite name="Pooling2DMax/LayerPropertySemantics" tests="2" failures="0" disabled="0" skipped="0" errors="0" time="0." timestamp="2026-09-09T08:29:37.975">
    <testcase name="setPropertiesInvalid_n/0" value_param="(32-byte object &lt;F0-86 8E-04 01-00 00-00 C8-63 80-04 01-00 00-00 00-00 00-00 00-00 00-00 40-0B C7-03 00-60 00-00&gt;, &quot;pooling2d&quot;, { &quot;pool_size=&quot; }, 1, false, 1)" file="../test/unittest/layers/layers_dependent_common_tests.cpp" line="39" status="run" result="completed" time="0." timestamp="2026-09-09T08:29:37.975" classname="Pooling2DMax/LayerPropertySemantics" />
    <testcase name="setPropertiesValidInvalidOnly_n/0" value_param="(32-byte object &lt;F0-86 8E-04 01-00 00-00 C8-63 80-04 01-00 00-00 00-00 00-00 00-00 00-00 40-0B C7-03 00-60 00-00&gt;, &quot;pooling2d&quot;, { &quot;pool_size=&quot; }, 1, false, 1)" file="../test/unittest/layers/layers_standalone_common_tests.cpp" line="28" status="run" result="completed" time="0." timestamp="2026-09-09T08:29:37.975" classname="Pooling2DMax/LayerPropertySemantics" />
  </testsuite>
  <testsuite name="PaddingCases/PoolingPaddingMatrix" tests="10" failures="0" disabled="0" skipped="0" errors="0" time="0." timestamp="2026-09-09T08:29:37.975">
    <testcase name="MatchesIndependentWindowJacobian/BothSame" value_param="120-byte object &lt;42-6F 74-68 53-61 6D-65 00-88 8D-04 01-00 00-00 E0-9F 60-EF 01-00 00-08 61-76 65-72 61-67 65-00 00-AD 97-02 00-60 00-00 01-00 00-00 00-00 00-07 73-61 6D-65 00-00 00-00 00-80 9C-04 01-00 00-00 80-80 9C-04 01-00 00-04 01-00 00-00 01-00 00-00 02-00 00-00 02-00 00-00 02-00 00-00 02-00 00-00 01-00 00-00 01-00 00-00 00-00 00-00 01-00 00-00 00-00 00-00 01-00 00-00&gt;" file="../test/unittest/layers/unittest_layers_pooling2d.cpp" line="124" status="run" result="completed" time="0." timestamp="2026-09-09T08:29:37.975" classname="PaddingCases/PoolingPaddingMatrix" />
    <testcase name="MatchesIndependentWindowJacobian/BottomOnly" value_param="120-byte object &lt;42-6F 74-74 6F-6D 4F-6E 6C-79 00-00 00-00 00-00 00-00 00-00 00-00 00-0A 61-76 65-72 61-67 65-00 00-00 00-00 00-00 00-00 00-00 00-00 00-00 00-07 30-2C 31-2C 30-2C 30-00 00-00 00-00 00-00 00-00 00-00 00-00 00-00 00-07 01-00 00-00 01-00 00-00 02-00 00-00 03-00 00-00 02-00 00-00 03-00 00-00 01-00 00-00 01-00 00-00 00-00 00-00 01-00 00-00 00-00 00-00 00-00 00-00&gt;" file="../test/unittest/layers/unittest_layers_pooling2d.cpp" line="124" status="run" result="completed" time="0." timestamp="2026-09-09T08:29:37.975" classname="PaddingCases/PoolingPaddingMatrix" />
    <testcase name="MatchesIndependentWindowJacobian/RightOnly" value_param="120-byte object &lt;52-69 67-68 74-4F 6E-6C 79-00 00-00 00-00 00-00 00-00 00-00 00-00 00-09 61-76 65-72 61-67 65-00 00-00 00-00 00-00 00-00 F0-86 8E-04 01-00 00-07 30-2C 30-2C 30-2C 31-00 78-C2 70-2B 01-00 00-00 68-58 67-6B 01-00 00-07 01-00 00-00 01-00 00-00 03-00 00-00 02-00 00-00 03-00 00-00 02-00 00-00 01-00 00-00 01-00 00-00 00-00 00-00 00-00 00-00 00-00 00-00 01-00 00-00&gt;" file="../test/unittest/layers/unittest_layers_pooling2d.cpp" line="124" status="run" result="completed" time="0." timestamp="2026-09-09T08:29:37.975" classname="PaddingCases/PoolingPaddingMatrix" />
    <testcase name="MatchesIndependentWindowJacobian/StrideTwo" value_param="120-byte object &lt;53-74 72-69 64-65 54-77 6F-00 8E-04 01-00 00-00 AC-7D 82-04 01-00 00-09 61-76 65-72 61-67 65-00 D0-57 67-6B 01-00 00-00 00-00 00-00 00-00 00-07 73-61 6D-65 00-00 00-00 00-00 00-00 00-00 00-00 69-88 8D-04 01-00 00-04 01-00 00-00 01-00 00-00 03-00 00-00 05-00 00-00 02-00 00-00 02-00 00-00 02-00 00-00 02-00 00-00 00-00 00-00 01-00 00-00 00-00 00-00 01-00 00-00&gt;" file="../test/unittest/layers/unittest_layers_pooling2d.cpp" line="124" status="run" result="completed" time="0." timestamp="2026-09-09T08:29:37.975" classname="PaddingCases/PoolingPaddingMatrix" />
    <testcase name="MatchesIndependentWindowJacobian/BatchChannels" value_param="120-byte object &lt;42-61 74-63 68-43 68-61 6E-6E 65-6C 73-00 00-00 00-00 00-00 00-00 00-0D 61-76 65-72 61-67 65-00 F0-89 8D-04 01-00 00-00 0F-8D 8D-04 01-00 00-07 73-61 6D-65 00-00 00-00 00-00 00-00 00-00 00-00 00-00 00-00 00-00 00-04 02-00 00-00 02-00 00-00 02-00 00-00 02-00 00-00 02-00 00-00 02-00 00-00 01-00 00-00 01-00 00-00 00-00 00-00 01-00 00-00 00-00 00-00 01-00 00-00&gt;" file="../test/unittest/layers/unittest_layers_pooling2d.cpp" line="124" status="run" result="completed" time="0." timestamp="2026-09-09T08:29:37.975" classname="PaddingCases/PoolingPaddingMatrix" />
    <testcase name="MatchesIndependentWindowJacobian/ExplicitBottomRight" value_param="120-byte object &lt;45-78 70-6C 69-63 69-74 42-6F 74-74 6F-6D 52-69 67-68 74-00 01-00 00-13 61-76 65-72 61-67 65-00 00-00 00-00 00-00 00-00 00-00 00-00 00-00 00-07 30-2C 31-2C 30-2C 32-00 00-00 00-00 00-00 00-00 00-00 00-00 00-00 00-07 01-00 00-00 01-00 00-00 03-00 00-00 04-00 00-00 03-00 00-00 03-00 00-00 01-00 00-00 01-00 00-00 00-00 00-00 01-00 00-00 00-00 00-00 02-00 00-00&gt;" file="../test/unittest/layers/unittest_layers_pooling2d.cpp" line="124" status="run" result="completed" time="0." timestamp="2026-09-09T08:29:37.975" classname="PaddingCases/PoolingPaddingMatrix" />
    <testcase name="MatchesIndependentWindowJacobian/SymmetricControl" value_param="120-byte object &lt;53-79 6D-6D 65-74 72-69 63-43 6F-6E 74-72 6F-6C 00-00 00-00 00-00 00-10 61-76 65-72 61-67 65-00 00-00 00-00 00-00 00-00 00-00 00-00 00-00 00-07 31-2C 31-2C 31-2C 31-00 00-00 00-00 00-00 00-00 00-00 00-00 00-00 00-07 01-00 00-00 01-00 00-00 03-00 00-00 03-00 00-00 03-00 00-00 03-00 00-00 01-00 00-00 01-00 00-00 01-00 00-00 01-00 00-00 01-00 00-00 01-00 00-00&gt;" file="../test/unittest/layers/unittest_layers_pooling2d.cpp" line="124" status="run" result="completed" time="0." timestamp="2026-09-09T08:29:37.975" classname="PaddingCases/PoolingPaddingMatrix" />
    <testcase name="MatchesIndependentWindowJacobian/ValidControl" value_param="120-byte object &lt;56-61 6C-69 64-43 6F-6E 74-72 6F-6C 00-00 00-00 38-57 67-6B 01-00 00-0C 61-76 65-72 61-67 65-00 08-56 67-6B 01-00 00-00 00-00 00-00 00-00 00-07 76-61 6C-69 64-00 00-00 AC-7D 82-04 01-00 00-00 B0-85 00-2C 01-00 00-05 02-00 00-00 02-00 00-00 04-00 00-00 05-00 00-00 02-00 00-00 03-00 00-00 01-00 00-00 02-00 00-00 00-00 00-00 00-00 00-00 00-00 00-00 00-00 00-00&gt;" file="../test/unittest/layers/unittest_layers_pooling2d.cpp" line="124" status="run" result="completed" time="0." timestamp="2026-09-09T08:29:37.975" classname="PaddingCases/PoolingPaddingMatrix" />
    <testcase name="MatchesIndependentWindowJacobian/GlobalAverageControl" value_param="120-byte object &lt;47-6C 6F-62 61-6C 41-76 65-72 61-67 65-43 6F-6E 74-72 6F-6C 00-00 00-14 67-6C 6F-62 61-6C 5F-61 76-65 72-61 67-65 00-00 40-46 B7-03 00-60 00-0E 76-61 6C-69 64-00 00-00 28-5D 67-6B 01-00 00-00 D0-55 67-6B 01-00 00-05 02-00 00-00 02-00 00-00 03-00 00-00 04-00 00-00 03-00 00-00 04-00 00-00 01-00 00-00 01-00 00-00 00-00 00-00 00-00 00-00 00-00 00-00 00-00 00-00&gt;" file="../test/unittest/layers/unittest_layers_pooling2d.cpp" line="124" status="run" result="completed" time="0." timestamp="2026-09-09T08:29:37.975" classname="PaddingCases/PoolingPaddingMatrix" />
    <testcase name="MatchesIndependentWindowJacobian/MaxSameControl" value_param="120-byte object &lt;4D-61 78-53 61-6D 65-43 6F-6E 74-72 6F-6C 00-00 54-E7 2F-81 01-00 00-0E 6D-61 78-00 01-00 00-00 20-8D 00-2C 01-00 00-00 00-8E 00-2C 01-00 00-03 73-61 6D-65 00-00 00-00 00-A6 00-2C 01-00 00-00 00-0E 00-00 00-00 00-04 01-00 00-00 02-00 00-00 02-00 00-00 02-00 00-00 02-00 00-00 02-00 00-00 01-00 00-00 01-00 00-00 00-00 00-00 01-00 00-00 00-00 00-00 01-00 00-00&gt;" file="../test/unittest/layers/unittest_layers_pooling2d.cpp" line="124" status="run" result="completed" time="0." timestamp="2026-09-09T08:29:37.975" classname="PaddingCases/PoolingPaddingMatrix" />
  </testsuite>
</testsuites>
